<?xml version="1.0" encoding="UTF-8"?>
<testng-results skipped="0" failed="0" total="2" passed="2">
  <reporter-output>
  </reporter-output>
  <suite name="Suite1" duration-ms="288241" started-at="2019-03-02T08:04:37Z" finished-at="2019-03-02T08:09:26Z">
    <groups>
    </groups>
    <test name="Test1" duration-ms="288241" started-at="2019-03-02T08:04:37Z" finished-at="2019-03-02T08:09:26Z">
      <class name="com.Task.ParallelTestNGTest2">
        <test-method status="PASS" signature="test()[pri:0, instance:com.Task.ParallelTestNGTest2@13f5a29]" name="test" duration-ms="57532" started-at="2019-03-02T13:38:28Z" finished-at="2019-03-02T13:39:26Z">
          <reporter-output>
          </reporter-output>
        </test-method> <!-- test -->
      </class> <!-- com.Task.ParallelTestNGTest2 -->
      <class name="com.Task.ParallelTestNGTest">
        <test-method status="PASS" signature="test()[pri:0, instance:com.Task.ParallelTestNGTest@144fc66]" name="test" duration-ms="230677" started-at="2019-03-02T13:34:37Z" finished-at="2019-03-02T13:38:28Z">
          <reporter-output>
          </reporter-output>
        </test-method> <!-- test -->
      </class> <!-- com.Task.ParallelTestNGTest -->
    </test> <!-- Test1 -->
  </suite> <!-- Suite1 -->
</testng-results>
